epoch,accuracy,loss,val_accuracy,val_loss
0,0.14217253029346466,2.6274654865264893,0.36000001430511475,2.435497283935547
1,0.17891374230384827,2.4917409420013428,0.15000000596046448,2.4151785373687744
2,0.23003195226192474,2.450592041015625,0.18000000715255737,2.388914108276367
3,0.21246007084846497,2.432420253753662,0.15000000596046448,2.376291275024414
4,0.24440895020961761,2.3852555751800537,0.3199999928474426,2.2955808639526367
5,0.2827475965023041,2.3185315132141113,0.3199999928474426,2.281481981277466
6,0.3083067238330841,2.2979185581207275,0.18000000715255737,2.291811466217041
7,0.30990415811538696,2.2041804790496826,0.33000001311302185,2.1624748706817627
8,0.3785942494869232,2.098353624343872,0.5099999904632568,1.8879573345184326
9,0.42492014169692993,1.9658377170562744,0.5099999904632568,1.7109360694885254
10,0.49520766735076904,1.8226392269134521,0.3499999940395355,1.8741902112960815
11,0.5271565318107605,1.6710208654403687,0.550000011920929,1.5241626501083374
12,0.5958466529846191,1.4643688201904297,0.6499999761581421,1.2442941665649414
13,0.669329047203064,1.2986570596694946,0.7300000190734863,1.0083277225494385
14,0.7060703039169312,1.1530448198318481,0.7699999809265137,0.979245126247406
15,0.7492012977600098,1.0299042463302612,0.75,0.8343599438667297
16,0.7699680328369141,0.9432340860366821,0.7400000095367432,0.8168444633483887
17,0.7891373634338379,0.8519527912139893,0.8600000143051147,0.5832598805427551
18,0.830670952796936,0.7501727938652039,0.8700000047683716,0.552965521812439
19,0.8546326160430908,0.6778988838195801,0.8600000143051147,0.49931687116622925
20,0.8562300205230713,0.6245085597038269,0.8999999761581421,0.4818361699581146
21,0.884984016418457,0.5603199601173401,0.8999999761581421,0.3707086443901062
22,0.8801916837692261,0.5415467619895935,0.9200000166893005,0.3604375422000885
23,0.9073482155799866,0.4890283942222595,0.9399999976158142,0.28953516483306885
24,0.9137380123138428,0.4309350252151489,0.949999988079071,0.2508249580860138
25,0.9073482155799866,0.3798551857471466,0.9300000071525574,0.29743990302085876
26,0.9073482155799866,0.3810327649116516,0.9599999785423279,0.22732262313365936
27,0.9392971396446228,0.3183569610118866,0.9399999976158142,0.27520552277565
28,0.9329073429107666,0.3353794813156128,0.9100000262260437,0.4664149582386017
29,0.9472843408584595,0.30596140027046204,0.9599999785423279,0.18628862500190735
30,0.9440894722938538,0.283164381980896,0.9599999785423279,0.1820058375597
31,0.9552715420722961,0.2523290514945984,0.9599999785423279,0.17097972333431244
32,0.9456868767738342,0.2428976446390152,0.949999988079071,0.15370707213878632
33,0.9408945441246033,0.23091907799243927,0.9599999785423279,0.17371287941932678
34,0.9632588028907776,0.19992564618587494,0.9700000286102295,0.13567419350147247
35,0.9472843408584595,0.1894698441028595,0.9700000286102295,0.17281033098697662
36,0.9520766735076904,0.21281540393829346,0.9700000286102295,0.12148476392030716
37,0.9568690061569214,0.18906953930854797,0.9599999785423279,0.1330278515815735
38,0.9584664702415466,0.1769033670425415,0.9700000286102295,0.1213126927614212
39,0.9632588028907776,0.15062864124774933,0.949999988079071,0.2011125236749649
40,0.9664536714553833,0.1735295206308365,0.9599999785423279,0.10720682889223099
41,0.9648562073707581,0.12870295345783234,0.9700000286102295,0.10965973138809204
42,0.9664536714553833,0.13067583739757538,0.9599999785423279,0.12028177082538605
43,0.9760383367538452,0.12204252183437347,0.8299999833106995,0.548856794834137
44,0.9648562073707581,0.16472502052783966,0.9599999785423279,0.14806118607521057
45,0.9728434681892395,0.11323217302560806,0.9599999785423279,0.19213958084583282
46,0.9648562073707581,0.14933720231056213,0.9599999785423279,0.12093625962734222
47,0.9712460041046143,0.10453100502490997,0.9599999785423279,0.11432912945747375
48,0.9728434681892395,0.11703934520483017,0.8899999856948853,0.38180965185165405
49,0.969648540019989,0.12210743874311447,0.9599999785423279,0.12102342396974564
50,0.9776358008384705,0.10747023671865463,0.9700000286102295,0.09141156822443008
51,0.9680511355400085,0.10407169163227081,0.9599999785423279,0.11553430557250977
52,0.9792332053184509,0.10228948295116425,0.9599999785423279,0.13685749471187592
53,0.9712460041046143,0.10397376865148544,0.9599999785423279,0.12021274864673615
54,0.9776358008384705,0.09043542295694351,0.9599999785423279,0.12285129725933075
55,0.9728434681892395,0.10361268371343613,0.9599999785423279,0.1272970736026764
56,0.97444087266922,0.08134355396032333,0.949999988079071,0.09719900786876678
57,0.9792332053184509,0.07324535399675369,0.9599999785423279,0.0932757556438446
58,0.9776358008384705,0.07606851309537888,0.9599999785423279,0.12245485931634903
59,0.9760383367538452,0.07437670975923538,0.9599999785423279,0.10878593474626541
60,0.9760383367538452,0.09181598573923111,0.9599999785423279,0.11327638477087021
61,0.9792332053184509,0.06553857773542404,0.9700000286102295,0.08879270404577255
62,0.9792332053184509,0.06555888056755066,0.9599999785423279,0.11615084856748581
63,0.9776358008384705,0.0797908827662468,0.9599999785423279,0.09970436990261078
64,0.9824281334877014,0.06778517365455627,0.9599999785423279,0.09586218744516373
65,0.9776358008384705,0.07004090398550034,0.9700000286102295,0.0839487835764885
66,0.9888178706169128,0.05380907654762268,0.9599999785423279,0.10046380758285522
67,0.9840255379676819,0.05354727804660797,0.9700000286102295,0.0826006829738617
68,0.9808306694030762,0.05583474412560463,0.9700000286102295,0.08084192126989365
69,0.9792332053184509,0.053859539330005646,0.9599999785423279,0.11324670910835266
70,0.9840255379676819,0.052880577743053436,0.9700000286102295,0.08194789290428162
71,0.9760383367538452,0.07506319880485535,0.9599999785423279,0.10339498519897461
72,0.9920127987861633,0.03612220659852028,0.9599999785423279,0.10948709398508072
73,0.9856230020523071,0.04907632991671562,0.9599999785423279,0.11076702177524567
74,0.9904153347015381,0.04992731288075447,0.9700000286102295,0.08840590715408325
75,0.9840255379676819,0.05601390078663826,0.9599999785423279,0.09815513342618942
76,0.9872204661369324,0.04725399613380432,0.9599999785423279,0.13423554599285126
77,0.9888178706169128,0.03567114099860191,0.9700000286102295,0.08555278927087784
78,0.9840255379676819,0.045110393315553665,0.8999999761581421,0.2202279269695282
79,0.9760383367538452,0.06859178096055984,0.9599999785423279,0.08951007574796677
80,0.9824281334877014,0.05877700820565224,0.9599999785423279,0.10474178940057755
81,0.995207667350769,0.030880209058523178,0.9599999785423279,0.09755917638540268
82,0.9904153347015381,0.040529996156692505,0.9599999785423279,0.0921861082315445
83,0.9888178706169128,0.04273339360952377,0.9599999785423279,0.09425939619541168
84,0.9888178706169128,0.04115558788180351,0.9599999785423279,0.130807027220726
85,0.9904153347015381,0.03303012251853943,0.9599999785423279,0.13586796820163727
86,0.9888178706169128,0.028544167056679726,0.9700000286102295,0.07236246764659882
87,0.9856230020523071,0.05781961604952812,0.9599999785423279,0.13689514994621277
88,0.9904153347015381,0.040494684129953384,0.949999988079071,0.12813322246074677
89,0.995207667350769,0.03553210198879242,0.9599999785423279,0.15389062464237213
90,0.9888178706169128,0.03531007468700409,0.9700000286102295,0.08159954100847244
91,0.9904153347015381,0.03686542809009552,0.9599999785423279,0.11291760206222534
92,0.9920127987861633,0.04622151330113411,0.9599999785423279,0.11704356968402863
93,0.9920127987861633,0.031103789806365967,0.9700000286102295,0.10674598813056946
94,0.9936102032661438,0.022614404559135437,0.9599999785423279,0.14110392332077026
95,0.9920127987861633,0.03352580964565277,0.9599999785423279,0.08593638241291046
96,0.9904153347015381,0.03494519367814064,0.9599999785423279,0.13394252955913544
97,0.9904153347015381,0.03962288051843643,0.9800000190734863,0.05553588271141052
98,0.9920127987861633,0.032057903707027435,0.9599999785423279,0.06735610961914062
99,0.995207667350769,0.021023990586400032,0.9599999785423279,0.10176882147789001
100,0.9936102032661438,0.0325285904109478,0.9700000286102295,0.08628478646278381
101,0.9856230020523071,0.039587512612342834,0.9599999785423279,0.09604518860578537
102,0.995207667350769,0.017742935568094254,0.9700000286102295,0.07740174233913422
103,0.9904153347015381,0.03746042028069496,0.9599999785423279,0.09463831782341003
104,0.9904153347015381,0.030810149386525154,0.9599999785423279,0.12417376786470413
105,0.995207667350769,0.022910283878445625,0.9800000190734863,0.06894382834434509
106,0.9968051314353943,0.021783187985420227,0.9599999785423279,0.11674635112285614
107,0.9920127987861633,0.024186573922634125,0.9700000286102295,0.061585597693920135
108,0.9872204661369324,0.03323992341756821,0.9700000286102295,0.1110166385769844
109,0.995207667350769,0.029188722372055054,0.9599999785423279,0.10550323128700256
110,0.9936102032661438,0.02384893037378788,0.9700000286102295,0.08947400003671646
111,0.995207667350769,0.01805572770535946,0.9700000286102295,0.08268377184867859
112,0.9936102032661438,0.01944146864116192,0.9700000286102295,0.08871419727802277
113,1.0,0.008535641245543957,0.9700000286102295,0.09237876534461975
114,0.9968051314353943,0.016325661912560463,0.9599999785423279,0.1191585510969162
115,0.9920127987861633,0.027103228494524956,0.9800000190734863,0.0537816621363163
116,0.9872204661369324,0.03636176511645317,0.9700000286102295,0.09937498718500137
117,0.9904153347015381,0.03119557909667492,0.9599999785423279,0.10646473616361618
118,0.995207667350769,0.016964109614491463,0.9599999785423279,0.12153936177492142
119,0.9936102032661438,0.025772640481591225,0.9700000286102295,0.08233710378408432
120,0.995207667350769,0.026515500620007515,0.9599999785423279,0.10952335596084595
121,0.9920127987861633,0.03530094772577286,0.9599999785423279,0.09341096878051758
122,0.995207667350769,0.02117093838751316,0.9700000286102295,0.11137659847736359
123,0.9984025359153748,0.014871817082166672,0.9700000286102295,0.09790938347578049
124,0.9936102032661438,0.02166936546564102,0.9700000286102295,0.09980936348438263
125,0.9904153347015381,0.02314191497862339,0.9599999785423279,0.23372386395931244
126,0.995207667350769,0.028883829712867737,0.9599999785423279,0.10390922427177429
127,0.9968051314353943,0.016663936898112297,0.9599999785423279,0.14803607761859894
128,0.9968051314353943,0.01363834086805582,0.9700000286102295,0.11169226467609406
129,0.995207667350769,0.015522129833698273,0.9700000286102295,0.091033436357975
130,0.9936102032661438,0.021062327548861504,0.9700000286102295,0.11811143904924393
131,0.995207667350769,0.016504652798175812,0.9700000286102295,0.08355347812175751
132,0.9936102032661438,0.020825838670134544,0.9700000286102295,0.09439624100923538
133,0.995207667350769,0.01203831471502781,0.9700000286102295,0.08578497916460037
134,0.995207667350769,0.017106330022215843,0.9700000286102295,0.14193826913833618
135,0.995207667350769,0.019165975973010063,0.9700000286102295,0.12337993830442429
136,0.9968051314353943,0.010640480555593967,0.9700000286102295,0.12166114151477814
137,0.9984025359153748,0.015615810640156269,0.9700000286102295,0.11437573283910751
138,0.9984025359153748,0.011348011903464794,0.9700000286102295,0.11414413154125214
139,0.9984025359153748,0.011681241914629936,0.9700000286102295,0.10823944211006165
140,0.9968051314353943,0.015879979357123375,0.9700000286102295,0.10378320515155792
141,0.9936102032661438,0.024852830916643143,0.9700000286102295,0.09984936565160751
142,0.9984025359153748,0.014356356114149094,0.9700000286102295,0.09690702706575394
143,0.9904153347015381,0.02314152382314205,0.9700000286102295,0.1012217327952385
144,1.0,0.008004073053598404,0.9700000286102295,0.10263040661811829
145,0.9968051314353943,0.016333213075995445,0.9700000286102295,0.09596653282642365
146,1.0,0.010426649823784828,0.9599999785423279,0.09829933196306229
